2014-11-06 22:27:45.438 inkapp[28210:1745467] DiskCookieStorage changing policy from 2 to 0, cookie file: file:///Users/eliascourt/Library/Developer/CoreSimulator/Devices/11184051-15BD-4DF9-A5B4-F37C04636B63/data/Containers/Data/Application/A646911E-89B9-4580-86D5-5810FC9F3E89/Library/Cookies/Cookies.binarycookies
2014-11-06 22:27:45.556 inkapp[28210:1745467] Apache Cordova native platform version 3.6.3 is starting.
2014-11-06 22:27:45.557 inkapp[28210:1745467] Multi-tasking -> Device: YES, App: YES
2014-11-06 22:27:45.581 inkapp[28210:1745467] Unlimited access to network resources
2014-11-06 22:27:46.230 inkapp[28210:1745467] [CDVTimer][keyboard] 0.069976ms
2014-11-06 22:27:46.230 inkapp[28210:1745467] Init FacebookConnect Session
2014-11-06 22:27:46.233 inkapp[28210:1745467] [CDVTimer][facebookconnectplugin] 3.006995ms
2014-11-06 22:27:46.234 inkapp[28210:1745467] [CDVTimer][TotalPluginStartup] 3.500998ms
2014-11-06 22:27:46.577 inkapp[28210:1745467] Resetting plugins due to page load.
2014-11-06 22:27:47.268 inkapp[28210:1745467] Finished load of: file:///Users/eliascourt/Library/Developer/CoreSimulator/Devices/11184051-15BD-4DF9-A5B4-F37C04636B63/data/Containers/Bundle/Application/0D446266-66F1-460D-9BED-81DEE1C22B72/inkapp.app/www/index.html#/tab/dash
2014-11-06 22:27:48.400 inkapp[28210:1745467] STARTING THE APP
2014-11-06 22:27:48.401 inkapp[28210:1745467] Didn't bother with the facebook plugin CAUSE WE'RE CORDOVA
2014-11-06 22:27:48.401 inkapp[28210:1745467] Did that window shit
2014-11-06 22:27:48.401 inkapp[28210:1745467] Set up the status bar bitch
2014-11-06 22:27:49.394 inkapp[28210:1745467] Checking if data can be loaded
2014-11-06 22:27:49.394 inkapp[28210:1745467] Checking if data can be loaded
2014-11-06 22:27:49.394 inkapp[28210:1745467] Checking if data can be loaded
2014-11-06 22:27:54.585 inkapp[28210:1745467] Checking if data can be loaded
2014-11-06 22:27:54.831 inkapp[28210:1745467] Checking if data can be loaded
2014-11-06 22:27:54.978 inkapp[28210:1745467] Checking if data can be loaded
2014-11-06 22:27:55.333 inkapp[28210:1745467] Entering the account controller
2014-11-06 22:27:56.976 inkapp[28210:1745467] Dash controller is being started you fag
2014-11-06 22:27:56.977 inkapp[28210:1745467] Checking if data can be loaded
2014-11-06 22:27:56.977 inkapp[28210:1745467] Checking if data can be loaded
2014-11-06 22:27:56.986 inkapp[28210:1745467] Checking if data can be loaded
2014-11-06 22:27:56.986 inkapp[28210:1745467] LOADIN TATS BITCH
2014-11-06 22:27:56.986 inkapp[28210:1745467] LOAD TATS CALLED with distance 0
2014-11-06 22:27:56.986 inkapp[28210:1745467] ABOUT TO QUERY LOCATION
2014-11-06 22:27:57.000 inkapp[28210:1745467] THREAD WARNING: ['Geolocation'] took '12.177734' ms. Plugin should use a background thread.
2014-11-06 22:27:57.000 inkapp[28210:1745467] Checking if data can be loaded
2014-11-06 22:27:57.012 inkapp[28210:1745467] Checking if data can be loaded
2014-11-06 22:27:57.201 inkapp[28210:1745467] Checking if data can be loaded
2014-11-06 22:27:57.348 inkapp[28210:1745467] Checking if data can be loaded
2014-11-06 22:27:57.650 inkapp[28210:1745467] Checking if data can be loaded
2014-11-06 22:27:57.725 inkapp[28210:1745467] UR LOCATION GOT WELL QUERIED BRUV
2014-11-06 22:27:57.726 inkapp[28210:1745467] Making a function call to getArtworksByDistance
2014-11-06 22:27:57.850 inkapp[28210:1745467] Callback being logged for getArtworksByDistance
2014-11-06 22:27:57.851 inkapp[28210:1745467] Checking if data can be loaded
2014-11-06 22:27:57.851 inkapp[28210:1745467] Checking if data can be loaded
2014-11-06 22:28:06.252 inkapp[28210:1745859] Terminating since there is no system app.
2014-11-19 14:18:18.528 inkapp[979:31344] DiskCookieStorage changing policy from 2 to 0, cookie file: file:///Users/eliascourt/Library/Developer/CoreSimulator/Devices/11184051-15BD-4DF9-A5B4-F37C04636B63/data/Containers/Data/Application/5C59366C-EE09-4A75-8935-5D8E61077EB5/Library/Cookies/Cookies.binarycookies
2014-11-19 14:18:18.654 inkapp[979:31344] Apache Cordova native platform version 3.6.3 is starting.
2014-11-19 14:18:18.655 inkapp[979:31344] Multi-tasking -> Device: YES, App: YES
2014-11-19 14:18:18.665 inkapp[979:31344] Unlimited access to network resources
2014-11-19 14:18:19.266 inkapp[979:31344] [CDVTimer][keyboard] 0.083983ms
2014-11-19 14:18:19.266 inkapp[979:31344] Init FacebookConnect Session
2014-11-19 14:18:19.269 inkapp[979:31344] [CDVTimer][facebookconnectplugin] 3.114998ms
2014-11-19 14:18:19.269 inkapp[979:31344] [CDVTimer][TotalPluginStartup] 3.606975ms
2014-11-19 14:18:19.519 inkapp[979:31344] Resetting plugins due to page load.
2014-11-19 14:18:19.955 inkapp[979:31344] Finished load of: file:///Users/eliascourt/Library/Developer/CoreSimulator/Devices/11184051-15BD-4DF9-A5B4-F37C04636B63/data/Containers/Bundle/Application/81EEACE0-278F-4DBF-87F5-47A059B77935/inkapp.app/www/index.html#/tab/dash
2014-11-19 14:18:20.564 inkapp[979:31344] STARTING THE APP
2014-11-19 14:18:20.565 inkapp[979:31344] Didn't bother with the facebook plugin CAUSE WE'RE CORDOVA
2014-11-19 14:18:20.565 inkapp[979:31344] Did that window shit
2014-11-19 14:18:20.565 inkapp[979:31344] Set up the status bar bitch
2014-11-19 14:18:28.088 inkapp[979:31344] UR LOCATION GOT WELL QUERIED BRUV
2014-11-19 14:18:28.088 inkapp[979:31344] Making a function call to getArtworksByDistance
2014-11-19 14:18:28.263 inkapp[979:31344] Callback being logged for getArtworksByDistance
2014-11-19 14:18:28.264 inkapp[979:31344] Checking if data can be loaded
2014-11-19 14:18:28.264 inkapp[979:31344] Checking if data can be loaded
2014-11-19 14:18:30.836 inkapp[979:31344] LOADIN TATS BITCH
2014-11-19 14:18:30.836 inkapp[979:31344] LOAD TATS CALLED with distance 8985650.243983155
2014-11-19 14:18:30.836 inkapp[979:31344] ABOUT TO QUERY LOCATION
2014-11-19 14:18:30.845 inkapp[979:31344] Checking if data can be loaded
2014-11-19 14:18:30.848 inkapp[979:31344] UR LOCATION GOT WELL QUERIED BRUV
2014-11-19 14:18:30.849 inkapp[979:31344] Making a function call to getArtworksByDistance
2014-11-19 14:18:30.910 inkapp[979:31344] Callback being logged for getArtworksByDistance
2014-11-19 14:18:30.910 inkapp[979:31344] Checking if data can be loaded
2014-11-19 14:18:30.911 inkapp[979:31344] Checking if data can be loaded
2014-11-19 14:18:35.964 inkapp[979:31344] Checking if data can be loaded
2014-11-19 14:18:35.964 inkapp[979:31344] Checking if data can be loaded
2014-11-19 14:18:35.964 inkapp[979:31344] Checking if data can be loaded
2014-11-19 14:18:36.849 inkapp[979:31344] Checking if data can be loaded
2014-11-19 14:18:36.849 inkapp[979:31344] Checking if data can be loaded
2014-11-19 14:18:36.850 inkapp[979:31344] Checking if data can be loaded
2014-11-19 14:22:18.323 inkapp[1236:34033] DiskCookieStorage changing policy from 2 to 0, cookie file: file:///Users/eliascourt/Library/Developer/CoreSimulator/Devices/11184051-15BD-4DF9-A5B4-F37C04636B63/data/Containers/Data/Application/D0252211-5F37-4717-B3BD-4A12BC1D5615/Library/Cookies/Cookies.binarycookies
2014-11-19 14:22:18.444 inkapp[1236:34033] Apache Cordova native platform version 3.6.3 is starting.
2014-11-19 14:22:18.445 inkapp[1236:34033] Multi-tasking -> Device: YES, App: YES
2014-11-19 14:22:18.469 inkapp[1236:34033] Unlimited access to network resources
2014-11-19 14:22:19.094 inkapp[1236:34033] [CDVTimer][keyboard] 0.134051ms
2014-11-19 14:22:19.095 inkapp[1236:34033] Init FacebookConnect Session
2014-11-19 14:22:19.098 inkapp[1236:34033] [CDVTimer][facebookconnectplugin] 3.134012ms
2014-11-19 14:22:19.098 inkapp[1236:34033] [CDVTimer][TotalPluginStartup] 3.763020ms
2014-11-19 14:22:19.370 inkapp[1236:34033] Resetting plugins due to page load.
2014-11-19 14:22:20.027 inkapp[1236:34033] Finished load of: file:///Users/eliascourt/Library/Developer/CoreSimulator/Devices/11184051-15BD-4DF9-A5B4-F37C04636B63/data/Containers/Bundle/Application/A84A23B2-7802-4E36-8EB1-B253AD661CCF/inkapp.app/www/index.html#/tab/dash
2014-11-19 14:22:20.975 inkapp[1236:34033] STARTING THE APP
2014-11-19 14:22:20.975 inkapp[1236:34033] Didn't bother with the facebook plugin CAUSE WE'RE CORDOVA
2014-11-19 14:22:20.976 inkapp[1236:34033] Did that window shit
2014-11-19 14:22:20.976 inkapp[1236:34033] Set up the status bar bitch
2014-11-19 14:23:15.228 inkapp[1236:34033] Checking if data can be loaded
2014-11-19 14:23:15.228 inkapp[1236:34033] Checking if data can be loaded
2014-11-19 14:23:15.229 inkapp[1236:34033] Checking if data can be loaded
2014-11-19 14:23:17.053 inkapp[1236:34033] Checking if data can be loaded
2014-11-19 14:23:17.289 inkapp[1236:34033] Checking if data can be loaded
2014-11-19 14:23:17.432 inkapp[1236:34033] Checking if data can be loaded
2014-11-19 14:25:57.795 inkapp[1491:36227] DiskCookieStorage changing policy from 2 to 0, cookie file: file:///Users/eliascourt/Library/Developer/CoreSimulator/Devices/11184051-15BD-4DF9-A5B4-F37C04636B63/data/Containers/Data/Application/DD73619B-BFF3-471B-80F7-F2979A5C4384/Library/Cookies/Cookies.binarycookies
2014-11-19 14:25:57.892 inkapp[1491:36227] Apache Cordova native platform version 3.6.3 is starting.
2014-11-19 14:25:57.893 inkapp[1491:36227] Multi-tasking -> Device: YES, App: YES
2014-11-19 14:25:57.919 inkapp[1491:36227] Unlimited access to network resources
2014-11-19 14:25:58.729 inkapp[1491:36227] [CDVTimer][keyboard] 0.078022ms
2014-11-19 14:25:58.730 inkapp[1491:36227] Init FacebookConnect Session
2014-11-19 14:25:58.733 inkapp[1491:36227] [CDVTimer][facebookconnectplugin] 2.978027ms
2014-11-19 14:25:58.733 inkapp[1491:36227] [CDVTimer][TotalPluginStartup] 3.564000ms
2014-11-19 14:25:58.938 inkapp[1491:36227] Resetting plugins due to page load.
2014-11-19 14:25:59.356 inkapp[1491:36227] Finished load of: file:///Users/eliascourt/Library/Developer/CoreSimulator/Devices/11184051-15BD-4DF9-A5B4-F37C04636B63/data/Containers/Bundle/Application/6210B24E-95F0-4FC6-A8CB-9C7A7D923AF3/inkapp.app/www/index.html#/tab/dash
2014-11-19 14:26:00.186 inkapp[1491:36227] STARTING THE APP
2014-11-19 14:26:00.186 inkapp[1491:36227] Didn't bother with the facebook plugin CAUSE WE'RE CORDOVA
2014-11-19 14:26:00.187 inkapp[1491:36227] Did that window shit
2014-11-19 14:26:00.187 inkapp[1491:36227] Set up the status bar bitch
2014-11-19 14:26:01.223 inkapp[1491:36227] Checking if data can be loaded
2014-11-19 14:26:01.223 inkapp[1491:36227] Checking if data can be loaded
2014-11-19 14:26:01.223 inkapp[1491:36227] Checking if data can be loaded
2014-11-19 14:26:03.888 inkapp[1491:36227] Checking if data can be loaded
2014-11-19 14:26:04.126 inkapp[1491:36227] Checking if data can be loaded
2014-11-19 14:26:04.276 inkapp[1491:36227] Checking if data can be loaded
2014-11-19 14:55:45.138 inkapp[1818:46411] DiskCookieStorage changing policy from 2 to 0, cookie file: file:///Users/eliascourt/Library/Developer/CoreSimulator/Devices/11184051-15BD-4DF9-A5B4-F37C04636B63/data/Containers/Data/Application/CCC93EEA-AD6C-4E19-8725-1C09DAFA8CB4/Library/Cookies/Cookies.binarycookies
2014-11-19 14:55:45.285 inkapp[1818:46411] Apache Cordova native platform version 3.6.3 is starting.
2014-11-19 14:55:45.286 inkapp[1818:46411] Multi-tasking -> Device: YES, App: YES
2014-11-19 14:55:45.323 inkapp[1818:46411] Unlimited access to network resources
2014-11-19 14:55:45.915 inkapp[1818:46411] [CDVTimer][keyboard] 0.091016ms
2014-11-19 14:55:45.915 inkapp[1818:46411] Init FacebookConnect Session
2014-11-19 14:55:45.918 inkapp[1818:46411] [CDVTimer][facebookconnectplugin] 2.866030ms
2014-11-19 14:55:45.918 inkapp[1818:46411] [CDVTimer][TotalPluginStartup] 3.440022ms
2014-11-19 14:55:46.216 inkapp[1818:46411] Resetting plugins due to page load.
2014-11-19 14:55:46.697 inkapp[1818:46411] Finished load of: file:///Users/eliascourt/Library/Developer/CoreSimulator/Devices/11184051-15BD-4DF9-A5B4-F37C04636B63/data/Containers/Bundle/Application/7BB2C9A6-E636-4DA4-AC50-67278577B9B7/inkapp.app/www/index.html#/tab/dash
2014-11-19 14:55:47.606 inkapp[1818:46411] STARTING THE APP
2014-11-19 14:55:47.606 inkapp[1818:46411] Didn't bother with the facebook plugin CAUSE WE'RE CORDOVA
2014-11-19 14:55:47.607 inkapp[1818:46411] Did that window shit
2014-11-19 14:55:47.607 inkapp[1818:46411] Set up the status bar bitch
2014-11-19 14:55:53.214 inkapp[1818:46411] UR LOCATION GOT WELL QUERIED BRUV
2014-11-19 14:55:53.214 inkapp[1818:46411] Making a function call to getArtworksByDistance
2014-11-19 14:55:53.357 inkapp[1818:46411] Callback being logged for getArtworksByDistance
2014-11-19 14:55:53.357 inkapp[1818:46411] Checking if data can be loaded
2014-11-19 14:55:53.357 inkapp[1818:46411] Checking if data can be loaded
2014-11-19 14:55:53.364 inkapp[1818:46411] LOADIN TATS BITCH
2014-11-19 14:55:53.364 inkapp[1818:46411] LOAD TATS CALLED with distance 8985650.243983155
2014-11-19 14:55:53.364 inkapp[1818:46411] ABOUT TO QUERY LOCATION
2014-11-19 14:55:53.372 inkapp[1818:46411] Checking if data can be loaded
2014-11-19 14:55:53.377 inkapp[1818:46411] UR LOCATION GOT WELL QUERIED BRUV
2014-11-19 14:55:53.377 inkapp[1818:46411] Making a function call to getArtworksByDistance
2014-11-19 14:55:53.401 inkapp[1818:46411] Callback being logged for getArtworksByDistance
2014-11-19 14:55:53.402 inkapp[1818:46411] Checking if data can be loaded
2014-11-19 14:55:53.402 inkapp[1818:46411] Checking if data can be loaded
2014-11-19 14:56:41.442 inkapp[2067:47531] DiskCookieStorage changing policy from 2 to 0, cookie file: file:///Users/eliascourt/Library/Developer/CoreSimulator/Devices/11184051-15BD-4DF9-A5B4-F37C04636B63/data/Containers/Data/Application/AC31B7C5-2CBE-470D-80C2-2A0C54E4D56A/Library/Cookies/Cookies.binarycookies
2014-11-19 14:56:41.583 inkapp[2067:47531] Apache Cordova native platform version 3.6.3 is starting.
2014-11-19 14:56:41.584 inkapp[2067:47531] Multi-tasking -> Device: YES, App: YES
2014-11-19 14:56:41.591 inkapp[2067:47531] Unlimited access to network resources
2014-11-19 14:56:41.891 inkapp[2067:47531] [CDVTimer][keyboard] 0.079036ms
2014-11-19 14:56:41.891 inkapp[2067:47531] Init FacebookConnect Session
2014-11-19 14:56:41.894 inkapp[2067:47531] [CDVTimer][facebookconnectplugin] 3.221989ms
2014-11-19 14:56:41.894 inkapp[2067:47531] [CDVTimer][TotalPluginStartup] 3.684998ms
2014-11-19 14:56:42.114 inkapp[2067:47531] Resetting plugins due to page load.
2014-11-19 14:56:42.474 inkapp[2067:47531] Finished load of: file:///Users/eliascourt/Library/Developer/CoreSimulator/Devices/11184051-15BD-4DF9-A5B4-F37C04636B63/data/Containers/Bundle/Application/DBDA7387-8EBE-404A-8B30-6F50B9D34D51/inkapp.app/www/index.html#/tab/dash
2014-11-19 14:56:43.016 inkapp[2067:47531] STARTING THE APP
2014-11-19 14:56:43.016 inkapp[2067:47531] Didn't bother with the facebook plugin CAUSE WE'RE CORDOVA
2014-11-19 14:56:43.017 inkapp[2067:47531] Did that window shit
2014-11-19 14:56:43.017 inkapp[2067:47531] Set up the status bar bitch
2014-11-19 14:56:44.000 inkapp[2067:47531] Checking if data can be loaded
2014-11-19 14:56:44.000 inkapp[2067:47531] Checking if data can be loaded
2014-11-19 14:56:44.000 inkapp[2067:47531] Checking if data can be loaded
2014-11-19 14:56:45.493 inkapp[2067:47531] Checking if data can be loaded
2014-11-19 14:56:45.734 inkapp[2067:47531] Checking if data can be loaded
2014-11-19 14:56:45.883 inkapp[2067:47531] Checking if data can be loaded
2014-11-19 14:58:23.616 inkapp[2321:49010] DiskCookieStorage changing policy from 2 to 0, cookie file: file:///Users/eliascourt/Library/Developer/CoreSimulator/Devices/11184051-15BD-4DF9-A5B4-F37C04636B63/data/Containers/Data/Application/6B8CC972-C52C-426E-970C-3BEA46F65DF9/Library/Cookies/Cookies.binarycookies
2014-11-19 14:58:23.767 inkapp[2321:49010] Apache Cordova native platform version 3.6.3 is starting.
2014-11-19 14:58:23.768 inkapp[2321:49010] Multi-tasking -> Device: YES, App: YES
2014-11-19 14:58:23.806 inkapp[2321:49010] Unlimited access to network resources
2014-11-19 14:58:24.401 inkapp[2321:49010] [CDVTimer][keyboard] 0.096023ms
2014-11-19 14:58:24.401 inkapp[2321:49010] Init FacebookConnect Session
2014-11-19 14:58:24.404 inkapp[2321:49010] [CDVTimer][facebookconnectplugin] 2.674997ms
2014-11-19 14:58:24.404 inkapp[2321:49010] [CDVTimer][TotalPluginStartup] 3.336012ms
2014-11-19 14:58:24.637 inkapp[2321:49010] Resetting plugins due to page load.
2014-11-19 14:58:25.164 inkapp[2321:49010] Finished load of: file:///Users/eliascourt/Library/Developer/CoreSimulator/Devices/11184051-15BD-4DF9-A5B4-F37C04636B63/data/Containers/Bundle/Application/0C7ED2BD-9E34-40F6-BF6E-81212BE50F86/inkapp.app/www/index.html#/tab/dash
2014-11-19 14:58:25.779 inkapp[2321:49010] STARTING THE APP
2014-11-19 14:58:25.779 inkapp[2321:49010] Didn't bother with the facebook plugin CAUSE WE'RE CORDOVA
2014-11-19 14:58:25.780 inkapp[2321:49010] Did that window shit
2014-11-19 14:58:25.780 inkapp[2321:49010] Set up the status bar bitch
2014-11-19 14:58:27.690 inkapp[2321:49010] UR LOCATION GOT WELL QUERIED BRUV
2014-11-19 14:58:27.691 inkapp[2321:49010] Making a function call to getArtworksByDistance
2014-11-19 14:58:27.785 inkapp[2321:49010] Callback being logged for getArtworksByDistance
2014-11-19 14:58:27.785 inkapp[2321:49010] Checking if data can be loaded
2014-11-19 14:58:27.803 inkapp[2321:49010] LOADIN TATS BITCH
2014-11-19 14:58:27.804 inkapp[2321:49010] LOAD TATS CALLED with distance 8985691.86715639
2014-11-19 14:58:27.804 inkapp[2321:49010] ABOUT TO QUERY LOCATION
2014-11-19 14:58:27.813 inkapp[2321:49010] Checking if data can be loaded
2014-11-19 14:58:27.820 inkapp[2321:49010] UR LOCATION GOT WELL QUERIED BRUV
2014-11-19 14:58:27.820 inkapp[2321:49010] Making a function call to getArtworksByDistance
2014-11-19 14:58:27.834 inkapp[2321:49010] Callback being logged for getArtworksByDistance
2014-11-19 14:58:27.834 inkapp[2321:49010] Checking if data can be loaded
2014-11-19 14:58:27.839 inkapp[2321:49010] LOADIN TATS BITCH
2014-11-19 14:58:27.839 inkapp[2321:49010] LOAD TATS CALLED with distance 9496134.63582018
2014-11-19 14:58:27.839 inkapp[2321:49010] ABOUT TO QUERY LOCATION
2014-11-19 14:58:27.840 inkapp[2321:49010] UR LOCATION GOT WELL QUERIED BRUV
2014-11-19 14:58:27.840 inkapp[2321:49010] Making a function call to getArtworksByDistance
2014-11-19 14:58:27.840 inkapp[2321:49010] Checking if data can be loaded
2014-11-19 14:58:27.851 inkapp[2321:49010] Callback being logged for getArtworksByDistance
2014-11-19 14:58:27.851 inkapp[2321:49010] Checking if data can be loaded
2014-11-19 14:58:27.851 inkapp[2321:49010] Checking if data can be loaded
2014-11-19 14:58:30.128 inkapp[2321:49010] Entering the account controller
2014-11-19 14:58:31.772 inkapp[2321:49010] Dash controller is being started you fag
2014-11-19 14:58:31.772 inkapp[2321:49010] Checking if data can be loaded
2014-11-19 14:58:31.773 inkapp[2321:49010] Checking if data can be loaded
2014-11-19 14:58:31.782 inkapp[2321:49010] Checking if data can be loaded
2014-11-19 14:58:31.782 inkapp[2321:49010] LOADIN TATS BITCH
2014-11-19 14:58:31.782 inkapp[2321:49010] LOAD TATS CALLED with distance 0
2014-11-19 14:58:31.783 inkapp[2321:49010] ABOUT TO QUERY LOCATION
2014-11-19 14:58:31.788 inkapp[2321:49010] Checking if data can be loaded
2014-11-19 14:58:31.803 inkapp[2321:49010] Checking if data can be loaded
2014-11-19 14:58:31.804 inkapp[2321:49010] UR LOCATION GOT WELL QUERIED BRUV
2014-11-19 14:58:31.804 inkapp[2321:49010] Making a function call to getArtworksByDistance
2014-11-19 14:58:31.824 inkapp[2321:49010] Callback being logged for getArtworksByDistance
2014-11-19 14:58:31.825 inkapp[2321:49010] Checking if data can be loaded
2014-11-19 14:58:31.830 inkapp[2321:49010] LOADIN TATS BITCH
2014-11-19 14:58:31.830 inkapp[2321:49010] LOAD TATS CALLED with distance 8985691.86715639
2014-11-19 14:58:31.831 inkapp[2321:49010] ABOUT TO QUERY LOCATION
2014-11-19 14:58:31.831 inkapp[2321:49010] UR LOCATION GOT WELL QUERIED BRUV
2014-11-19 14:58:31.831 inkapp[2321:49010] Making a function call to getArtworksByDistance
2014-11-19 14:58:31.831 inkapp[2321:49010] Checking if data can be loaded
2014-11-19 14:58:31.844 inkapp[2321:49010] Callback being logged for getArtworksByDistance
2014-11-19 14:58:31.844 inkapp[2321:49010] Checking if data can be loaded
2014-11-19 14:58:31.851 inkapp[2321:49010] LOADIN TATS BITCH
2014-11-19 14:58:31.851 inkapp[2321:49010] LOAD TATS CALLED with distance 9496134.63582018
2014-11-19 14:58:31.851 inkapp[2321:49010] ABOUT TO QUERY LOCATION
2014-11-19 14:58:31.851 inkapp[2321:49010] UR LOCATION GOT WELL QUERIED BRUV
2014-11-19 14:58:31.852 inkapp[2321:49010] Making a function call to getArtworksByDistance
2014-11-19 14:58:31.852 inkapp[2321:49010] Checking if data can be loaded
2014-11-19 14:58:31.862 inkapp[2321:49010] Callback being logged for getArtworksByDistance
2014-11-19 14:58:31.863 inkapp[2321:49010] Checking if data can be loaded
2014-11-19 14:58:31.863 inkapp[2321:49010] Checking if data can be loaded
2014-11-19 14:58:31.999 inkapp[2321:49010] Checking if data can be loaded
2014-11-19 14:58:32.145 inkapp[2321:49010] Checking if data can be loaded
2014-11-19 14:59:29.047 inkapp[2571:50255] DiskCookieStorage changing policy from 2 to 0, cookie file: file:///Users/eliascourt/Library/Developer/CoreSimulator/Devices/11184051-15BD-4DF9-A5B4-F37C04636B63/data/Containers/Data/Application/0BD016D6-4E0F-4560-9D3E-34344FDBE457/Library/Cookies/Cookies.binarycookies
2014-11-19 14:59:29.188 inkapp[2571:50255] Apache Cordova native platform version 3.6.3 is starting.
2014-11-19 14:59:29.189 inkapp[2571:50255] Multi-tasking -> Device: YES, App: YES
2014-11-19 14:59:29.197 inkapp[2571:50255] Unlimited access to network resources
2014-11-19 14:59:29.477 inkapp[2571:50255] [CDVTimer][keyboard] 0.120997ms
2014-11-19 14:59:29.478 inkapp[2571:50255] Init FacebookConnect Session
2014-11-19 14:59:29.481 inkapp[2571:50255] [CDVTimer][facebookconnectplugin] 3.509998ms
2014-11-19 14:59:29.481 inkapp[2571:50255] [CDVTimer][TotalPluginStartup] 4.045010ms
2014-11-19 14:59:29.701 inkapp[2571:50255] Resetting plugins due to page load.
2014-11-19 14:59:30.085 inkapp[2571:50255] Finished load of: file:///Users/eliascourt/Library/Developer/CoreSimulator/Devices/11184051-15BD-4DF9-A5B4-F37C04636B63/data/Containers/Bundle/Application/A4F05919-56D0-4B8D-B70C-D26E1A7BD1F4/inkapp.app/www/index.html#/tab/dash
2014-11-19 14:59:30.693 inkapp[2571:50255] STARTING THE APP
2014-11-19 14:59:30.693 inkapp[2571:50255] Didn't bother with the facebook plugin CAUSE WE'RE CORDOVA
2014-11-19 14:59:30.693 inkapp[2571:50255] Did that window shit
2014-11-19 14:59:30.693 inkapp[2571:50255] Set up the status bar bitch
2014-11-19 14:59:31.537 inkapp[2571:50255] UR LOCATION GOT WELL QUERIED BRUV
2014-11-19 14:59:31.537 inkapp[2571:50255] Making a function call to getArtworksByDistance
2014-11-19 14:59:31.585 inkapp[2571:50255] Callback being logged for getArtworksByDistance
2014-11-19 14:59:31.585 inkapp[2571:50255] Checking if data can be loaded
2014-11-19 14:59:31.585 inkapp[2571:50255] Checking if data can be loaded
2014-11-19 14:59:33.993 inkapp[2571:50329] Terminating since there is no system app.
2015-01-02 18:01:56.580 inkapp[3615:3458688] Apache Cordova native platform version 3.6.3 is starting.
2015-01-02 18:01:56.581 inkapp[3615:3458688] Multi-tasking -> Device: YES, App: YES
2015-01-02 18:01:56.600 inkapp[3615:3458688] Unlimited access to network resources
2015-01-02 18:01:56.983 inkapp[3615:3458688] [CDVTimer][keyboard] 0.051975ms
2015-01-02 18:01:56.984 inkapp[3615:3458688] Init FacebookConnect Session
2015-01-02 18:01:56.985 inkapp[3615:3458688] [CDVTimer][facebookconnectplugin] 1.457989ms
2015-01-02 18:01:56.985 inkapp[3615:3458688] [CDVTimer][TotalPluginStartup] 1.744986ms
2015-01-02 18:01:57.086 inkapp[3615:3458688] Resetting plugins due to page load.
2015-01-02 18:01:57.385 inkapp[3615:3458688] Finished load of: file:///Users/neocloudeh/Library/Developer/CoreSimulator/Devices/E763D788-A12F-42FF-86B7-2F3C63F647F4/data/Containers/Bundle/Application/85A51567-FF48-46C4-9561-9C91D7779EEE/inkapp.app/www/index.html#/tab/dash
2015-01-02 18:01:57.648 inkapp[3615:3458688] STARTING THE APP
2015-01-02 18:01:57.648 inkapp[3615:3458688] Didn't bother with the facebook plugin CAUSE WE'RE CORDOVA
2015-01-02 18:01:57.648 inkapp[3615:3458688] Did that window shit
2015-01-02 18:01:57.648 inkapp[3615:3458688] Set up the status bar bitch
2015-01-02 18:02:00.056 inkapp[3615:3458688] UR LOCATION GOT WELL QUERIED BRUV
2015-01-02 18:02:00.056 inkapp[3615:3458688] Making a function call to getArtworksByDistance
2015-01-02 18:02:00.084 inkapp[3615:3458688] Callback being logged for getArtworksByDistance
2015-01-02 18:02:00.084 inkapp[3615:3458688] Checking if data can be loaded
2015-01-02 18:02:00.084 inkapp[3615:3458688] Checking if data can be loaded
2015-01-02 18:02:00.088 inkapp[3615:3458688] LOADIN TATS BITCH
2015-01-02 18:02:00.088 inkapp[3615:3458688] LOAD TATS CALLED with distance 4120440.548521854
2015-01-02 18:02:00.088 inkapp[3615:3458688] ABOUT TO QUERY LOCATION
2015-01-02 18:02:00.092 inkapp[3615:3458688] Checking if data can be loaded
2015-01-02 18:02:00.124 inkapp[3615:3458688] UR LOCATION GOT WELL QUERIED BRUV
2015-01-02 18:02:00.125 inkapp[3615:3458688] Making a function call to getArtworksByDistance
2015-01-02 18:02:00.133 inkapp[3615:3458688] Callback being logged for getArtworksByDistance
2015-01-02 18:02:00.133 inkapp[3615:3458688] Checking if data can be loaded
2015-01-02 18:02:00.133 inkapp[3615:3458688] Checking if data can be loaded
2015-01-02 18:02:02.545 inkapp[3615:3458688] Entering the account controller
2015-01-02 18:02:03.622 inkapp[3615:3458688] FBSDKLog: Cannot use the Facebook app or Safari to authorize, fb331871496967792 is not registered as a URL Scheme
2015-01-02 18:02:03.792 inkapp[3615:3458688] THREAD WARNING: ['FacebookConnectPlugin'] took '177.891846' ms. Plugin should use a background thread.
2015-01-02 18:02:08.889 inkapp[3615:3458688] Checking if data can be loaded
2015-01-02 18:02:08.889 inkapp[3615:3458688] Checking if data can be loaded
2015-01-02 18:02:08.894 inkapp[3615:3458688] Checking if data can be loaded
2015-01-02 18:02:08.894 inkapp[3615:3458688] LOADIN TATS BITCH
2015-01-02 18:02:08.894 inkapp[3615:3458688] LOAD TATS CALLED with distance 0
2015-01-02 18:02:08.894 inkapp[3615:3458688] ABOUT TO QUERY LOCATION
2015-01-02 18:02:08.896 inkapp[3615:3458688] Checking if data can be loaded
2015-01-02 18:02:08.898 inkapp[3615:3458688] Checking if data can be loaded
2015-01-02 18:02:08.899 inkapp[3615:3458688] UR LOCATION GOT WELL QUERIED BRUV
2015-01-02 18:02:08.899 inkapp[3615:3458688] Making a function call to getArtworksByDistance
2015-01-02 18:02:08.940 inkapp[3615:3458688] Callback being logged for getArtworksByDistance
2015-01-02 18:02:08.941 inkapp[3615:3458688] Checking if data can be loaded
2015-01-02 18:02:08.941 inkapp[3615:3458688] Checking if data can be loaded
2015-01-13 21:08:35.567 inkapp[13861:12257687] Apache Cordova native platform version 3.6.3 is starting.
2015-01-13 21:08:35.568 inkapp[13861:12257687] Multi-tasking -> Device: YES, App: YES
2015-01-13 21:08:35.585 inkapp[13861:12257687] Unlimited access to network resources
2015-01-13 21:08:35.978 inkapp[13861:12257687] [CDVTimer][keyboard] 0.054002ms
2015-01-13 21:08:35.978 inkapp[13861:12257687] Init FacebookConnect Session
2015-01-13 21:08:35.979 inkapp[13861:12257687] [CDVTimer][facebookconnectplugin] 1.341999ms
2015-01-13 21:08:35.979 inkapp[13861:12257687] [CDVTimer][TotalPluginStartup] 1.648009ms
2015-01-13 21:08:36.124 inkapp[13861:12257687] Resetting plugins due to page load.
2015-01-13 21:08:36.532 inkapp[13861:12257687] Finished load of: file:///Users/neocloudeh/Library/Developer/CoreSimulator/Devices/E763D788-A12F-42FF-86B7-2F3C63F647F4/data/Containers/Bundle/Application/F0944BD6-3580-4A83-A4A3-5B42F5AE8C18/inkapp.app/www/index.html#/tab/dash
2015-01-13 21:08:36.840 inkapp[13861:12257687] STARTING THE APP
2015-01-13 21:08:36.840 inkapp[13861:12257687] Didn't bother with the facebook plugin CAUSE WE'RE CORDOVA
2015-01-13 21:08:36.841 inkapp[13861:12257687] Did that window shit
2015-01-13 21:08:36.841 inkapp[13861:12257687] Set up the status bar bitch
2015-01-13 21:08:39.144 inkapp[13861:12257687] UR LOCATION GOT WELL QUERIED BRUV
2015-01-13 21:08:39.145 inkapp[13861:12257687] Making a function call to getArtworksByDistance
2015-01-13 21:08:39.199 inkapp[13861:12257687] Callback being logged for getArtworksByDistance
2015-01-13 21:08:39.199 inkapp[13861:12257687] Checking if data can be loaded
2015-01-13 21:08:39.199 inkapp[13861:12257687] Checking if data can be loaded
2015-01-13 21:08:39.212 inkapp[13861:12257687] LOADIN TATS BITCH
2015-01-13 21:08:39.212 inkapp[13861:12257687] LOAD TATS CALLED with distance 4120440.548521854
2015-01-13 21:08:39.212 inkapp[13861:12257687] ABOUT TO QUERY LOCATION
2015-01-13 21:08:39.220 inkapp[13861:12257687] UR LOCATION GOT WELL QUERIED BRUV
2015-01-13 21:08:39.220 inkapp[13861:12257687] Making a function call to getArtworksByDistance
2015-01-13 21:08:39.231 inkapp[13861:12257687] Callback being logged for getArtworksByDistance
2015-01-13 21:08:39.231 inkapp[13861:12257687] Checking if data can be loaded
2015-01-13 21:08:39.231 inkapp[13861:12257687] Checking if data can be loaded
2015-01-13 21:08:39.244 inkapp[13861:12257687] LOADIN TATS BITCH
2015-01-13 21:08:39.244 inkapp[13861:12257687] LOAD TATS CALLED with distance 4120440.548521854
2015-01-13 21:08:39.244 inkapp[13861:12257687] ABOUT TO QUERY LOCATION
2015-01-13 21:08:39.244 inkapp[13861:12257687] UR LOCATION GOT WELL QUERIED BRUV
2015-01-13 21:08:39.245 inkapp[13861:12257687] Making a function call to getArtworksByDistance
2015-01-13 21:08:39.249 inkapp[13861:12257687] Callback being logged for getArtworksByDistance
2015-01-13 21:08:39.250 inkapp[13861:12257687] Checking if data can be loaded
2015-01-13 21:08:43.332 inkapp[13861:12257687] Checking if data can be loaded
2015-01-13 21:08:43.332 inkapp[13861:12257687] Entering the account controller
2015-01-13 21:08:43.333 inkapp[13861:12257687] Checking if data can be loaded
2015-01-13 21:08:43.333 inkapp[13861:12257687] Checking if data can be loaded
2015-01-13 21:08:43.358 inkapp[13861:12257687] Checking if data can be loaded
2015-01-13 21:08:43.358 inkapp[13861:12257687] Checking if data can be loaded
2015-01-13 21:08:43.358 inkapp[13861:12257687] Checking if data can be loaded
2015-01-13 21:08:43.359 inkapp[13861:12257687] Checking if data can be loaded
2015-01-13 21:08:43.359 inkapp[13861:12257687] Checking if data can be loaded
2015-01-13 21:08:43.359 inkapp[13861:12257687] Checking if data can be loaded
2015-01-13 21:08:44.321 inkapp[13861:12257687] FBSDKLog: Cannot use the Facebook app or Safari to authorize, fb331871496967792 is not registered as a URL Scheme
2015-01-13 21:08:44.490 inkapp[13861:12257687] THREAD WARNING: ['FacebookConnectPlugin'] took '175.442871' ms. Plugin should use a background thread.
2015-01-13 21:08:44.491 inkapp[13861:12257687] Checking if data can be loaded
2015-01-13 21:08:44.506 inkapp[13861:12257687] Checking if data can be loaded
2015-01-13 21:08:44.567 inkapp[13861:12257687] Checking if data can be loaded
2015-01-13 21:08:44.714 inkapp[13861:12257687] Checking if data can be loaded
2015-01-13 21:08:52.134 inkapp[13861:12257687] Checking if data can be loaded
2015-01-13 21:08:52.134 inkapp[13861:12257687] Checking if data can be loaded
2015-01-13 21:08:52.144 inkapp[13861:12257687] Checking if data can be loaded
2015-01-13 21:08:52.144 inkapp[13861:12257687] Checking if data can be loaded
2015-01-13 21:08:52.145 inkapp[13861:12257687] Checking if data can be loaded
2015-01-13 21:08:54.600 inkapp[13861:12257687] FUNK YEAH: Supakitch
2015-01-13 21:08:54.601 inkapp[13861:12257687] Checking if data can be loaded
2015-01-13 21:08:54.601 inkapp[13861:12257687] Checking if data can be loaded
2015-01-13 21:08:55.759 inkapp[13861:12257687] FUNK YEAH: Supakitch
2015-01-13 21:08:55.759 inkapp[13861:12257687] Checking if data can be loaded
2015-01-13 21:08:55.760 inkapp[13861:12257687] Checking if data can be loaded
2015-01-13 21:08:56.062 inkapp[13861:12257687] FUNK YEAH: Supakitch
2015-01-13 21:08:56.063 inkapp[13861:12257687] Checking if data can be loaded
2015-01-13 21:08:56.063 inkapp[13861:12257687] Checking if data can be loaded
2015-01-13 21:08:56.278 inkapp[13861:12257687] FUNK YEAH: Supakitch
2015-01-13 21:08:56.278 inkapp[13861:12257687] Checking if data can be loaded
2015-01-13 21:08:56.279 inkapp[13861:12257687] Checking if data can be loaded
2015-01-13 21:08:56.500 inkapp[13861:12257687] FUNK YEAH: Supakitch
2015-01-13 21:08:56.501 inkapp[13861:12257687] Checking if data can be loaded
2015-01-13 21:08:56.501 inkapp[13861:12257687] Checking if data can be loaded
2015-01-13 21:08:56.850 inkapp[13861:12257687] FUNK YEAH: Supakitch
2015-01-13 21:08:56.850 inkapp[13861:12257687] Checking if data can be loaded
2015-01-13 21:08:56.851 inkapp[13861:12257687] Checking if data can be loaded
2015-01-13 21:08:57.018 inkapp[13861:12257687] FUNK YEAH: Supakitch
2015-01-13 21:08:57.019 inkapp[13861:12257687] Checking if data can be loaded
2015-01-13 21:08:57.019 inkapp[13861:12257687] Checking if data can be loaded
2015-01-13 21:08:57.412 inkapp[13861:12257687] FUNK YEAH: Supakitch
2015-01-13 21:08:57.413 inkapp[13861:12257687] Checking if data can be loaded
2015-01-13 21:08:57.413 inkapp[13861:12257687] Checking if data can be loaded
2015-01-13 21:08:57.635 inkapp[13861:12257687] FUNK YEAH: Supakitch
2015-01-13 21:08:57.636 inkapp[13861:12257687] Checking if data can be loaded
2015-01-13 21:08:57.636 inkapp[13861:12257687] Checking if data can be loaded
2015-01-13 21:11:30.009 inkapp[14199:12284368] Apache Cordova native platform version 3.6.3 is starting.
2015-01-13 21:11:30.010 inkapp[14199:12284368] Multi-tasking -> Device: YES, App: YES
2015-01-13 21:11:30.015 inkapp[14199:12284368] Unlimited access to network resources
2015-01-13 21:11:30.184 inkapp[14199:12284368] [CDVTimer][keyboard] 0.056028ms
2015-01-13 21:11:30.185 inkapp[14199:12284368] Init FacebookConnect Session
2015-01-13 21:11:30.186 inkapp[14199:12284368] [CDVTimer][facebookconnectplugin] 1.255989ms
2015-01-13 21:11:30.186 inkapp[14199:12284368] [CDVTimer][TotalPluginStartup] 1.554012ms
2015-01-13 21:11:30.224 inkapp[14199:12284368] Resetting plugins due to page load.
2015-01-13 21:11:30.450 inkapp[14199:12284368] Finished load of: file:///Users/neocloudeh/Library/Developer/CoreSimulator/Devices/E763D788-A12F-42FF-86B7-2F3C63F647F4/data/Containers/Bundle/Application/3C972BB7-2679-4634-8DE7-7927EED0D377/inkapp.app/www/index.html#/tab/dash
2015-01-13 21:11:31.390 inkapp[14199:12284368] STARTING THE APP
2015-01-13 21:11:31.390 inkapp[14199:12284368] Didn't bother with the facebook plugin CAUSE WE'RE CORDOVA
2015-01-13 21:11:31.390 inkapp[14199:12284368] Did that window shit
2015-01-13 21:11:31.390 inkapp[14199:12284368] Set up the status bar bitch
2015-01-13 21:11:36.836 inkapp[14199:12284368] UR LOCATION GOT WELL QUERIED BRUV
2015-01-13 21:11:36.836 inkapp[14199:12284368] Making a function call to getArtworksByDistance
2015-01-13 21:11:36.862 inkapp[14199:12284368] Callback being logged for getArtworksByDistance
2015-01-13 21:11:36.863 inkapp[14199:12284368] Checking if data can be loaded
2015-01-13 21:11:36.863 inkapp[14199:12284368] Checking if data can be loaded
2015-01-13 21:11:36.880 inkapp[14199:12284368] LOADIN TATS BITCH
2015-01-13 21:11:36.881 inkapp[14199:12284368] LOAD TATS CALLED with distance 4120461.127546144
2015-01-13 21:11:36.881 inkapp[14199:12284368] ABOUT TO QUERY LOCATION
2015-01-13 21:11:36.890 inkapp[14199:12284368] UR LOCATION GOT WELL QUERIED BRUV
2015-01-13 21:11:36.890 inkapp[14199:12284368] Making a function call to getArtworksByDistance
2015-01-13 21:11:36.900 inkapp[14199:12284368] Callback being logged for getArtworksByDistance
2015-01-13 21:11:36.900 inkapp[14199:12284368] Checking if data can be loaded
2015-01-13 21:11:36.900 inkapp[14199:12284368] Checking if data can be loaded
2015-01-13 21:11:36.914 inkapp[14199:12284368] LOADIN TATS BITCH
2015-01-13 21:11:36.915 inkapp[14199:12284368] LOAD TATS CALLED with distance 4120461.127546144
2015-01-13 21:11:36.915 inkapp[14199:12284368] ABOUT TO QUERY LOCATION
2015-01-13 21:11:36.915 inkapp[14199:12284368] UR LOCATION GOT WELL QUERIED BRUV
2015-01-13 21:11:36.915 inkapp[14199:12284368] Making a function call to getArtworksByDistance
2015-01-13 21:11:36.919 inkapp[14199:12284368] Callback being logged for getArtworksByDistance
2015-01-13 21:11:36.919 inkapp[14199:12284368] Checking if data can be loaded
2015-01-13 21:11:38.421 inkapp[14199:12284368] Checking if data can be loaded
2015-01-13 21:11:38.421 inkapp[14199:12284368] Making a function call to getUser
2015-01-13 21:11:38.519 inkapp[14199:12284368] Callback being logged for getUser
2015-01-13 21:11:38.519 inkapp[14199:12284368] Making a function call to getArtworksByArtist
2015-01-13 21:11:38.569 inkapp[14199:12284368] Callback being logged for getArtworksByArtist
2015-01-13 21:11:44.583 inkapp[14199:12284368] Checking if data can be loaded
2015-01-13 21:11:44.583 inkapp[14199:12284368] Checking if data can be loaded
2015-01-13 21:11:44.588 inkapp[14199:12284368] Checking if data can be loaded
2015-01-13 21:11:44.588 inkapp[14199:12284368] Checking if data can be loaded
2015-01-13 21:11:44.602 inkapp[14199:12284368] Checking if data can be loaded
2015-01-13 21:11:44.859 inkapp[14199:12284368] Checking if data can be loaded
2015-01-13 21:11:45.069 inkapp[14199:12284368] Checking if data can be loaded
2015-01-13 21:11:47.186 inkapp[14199:12284420] Terminating since there is no system app.
2015-01-19 00:01:13.214 inkapp[5405:3089321] Apache Cordova native platform version 3.6.3 is starting.
2015-01-19 00:01:13.215 inkapp[5405:3089321] Multi-tasking -> Device: YES, App: YES
2015-01-19 00:01:13.231 inkapp[5405:3089321] Unlimited access to network resources
2015-01-19 00:01:13.605 inkapp[5405:3089321] [CDVTimer][keyboard] 0.050008ms
2015-01-19 00:01:13.605 inkapp[5405:3089321] Init FacebookConnect Session
2015-01-19 00:01:13.606 inkapp[5405:3089321] [CDVTimer][facebookconnectplugin] 1.249969ms
2015-01-19 00:01:13.606 inkapp[5405:3089321] [CDVTimer][TotalPluginStartup] 1.529992ms
2015-01-19 00:01:13.749 inkapp[5405:3089321] Resetting plugins due to page load.
2015-01-19 00:01:14.033 inkapp[5405:3089321] Finished load of: file:///Users/neocloudeh/Library/Developer/CoreSimulator/Devices/E763D788-A12F-42FF-86B7-2F3C63F647F4/data/Containers/Bundle/Application/DCFD1B72-B4AD-4DA2-B8FE-7D42FF6477A2/inkapp.app/www/index.html#/tab/dash
2015-01-19 00:01:14.400 inkapp[5405:3089321] STARTING THE APP
2015-01-19 00:01:14.400 inkapp[5405:3089321] Didn't bother with the facebook plugin CAUSE WE'RE CORDOVA
2015-01-19 00:01:14.400 inkapp[5405:3089321] Did that window shit
2015-01-19 00:01:14.400 inkapp[5405:3089321] Set up the status bar bitch
2015-01-19 00:01:15.765 inkapp[5405:3089321] Checking if data can be loaded
2015-01-19 00:01:15.765 inkapp[5405:3089321] Checking if data can be loaded
2015-01-19 00:01:15.765 inkapp[5405:3089321] Checking if data can be loaded
2015-01-19 00:01:17.274 inkapp[5405:3089321] Checking if data can be loaded
2015-01-19 00:01:17.348 inkapp[5405:3089321] Checking if data can be loaded
2015-01-19 00:01:17.523 inkapp[5405:3089321] Checking if data can be loaded
2015-01-19 00:01:17.673 inkapp[5405:3089321] Checking if data can be loaded
2015-01-19 00:16:48.170 inkapp[6344:3158474] Apache Cordova native platform version 3.6.3 is starting.
2015-01-19 00:16:48.171 inkapp[6344:3158474] Multi-tasking -> Device: YES, App: YES
2015-01-19 00:16:48.176 inkapp[6344:3158474] Unlimited access to network resources
2015-01-19 00:16:48.344 inkapp[6344:3158474] [CDVTimer][keyboard] 0.054002ms
2015-01-19 00:16:48.344 inkapp[6344:3158474] Init FacebookConnect Session
2015-01-19 00:16:48.346 inkapp[6344:3158474] [CDVTimer][facebookconnectplugin] 1.477003ms
2015-01-19 00:16:48.346 inkapp[6344:3158474] [CDVTimer][TotalPluginStartup] 1.789033ms
2015-01-19 00:16:48.382 inkapp[6344:3158474] Resetting plugins due to page load.
2015-01-19 00:16:48.655 inkapp[6344:3158474] Finished load of: file:///Users/neocloudeh/Library/Developer/CoreSimulator/Devices/E763D788-A12F-42FF-86B7-2F3C63F647F4/data/Containers/Bundle/Application/F2E83EFD-3234-4E66-8B1A-4E9F2F0D606E/inkapp.app/www/index.html#/tab/dash
2015-01-19 00:16:49.062 inkapp[6344:3158474] STARTING THE APP
2015-01-19 00:16:49.062 inkapp[6344:3158474] Didn't bother with the facebook plugin CAUSE WE'RE CORDOVA
2015-01-19 00:16:49.062 inkapp[6344:3158474] Did that window shit
2015-01-19 00:16:49.062 inkapp[6344:3158474] Set up the status bar bitch
2015-01-19 00:16:54.891 inkapp[6344:3158474] UR LOCATION GOT WELL QUERIED BRUV
2015-01-19 00:16:54.891 inkapp[6344:3158474] Making a function call to getArtworksByDistance
2015-01-19 00:16:54.949 inkapp[6344:3158474] Callback being logged for getArtworksByDistance
2015-01-19 00:16:54.949 inkapp[6344:3158474] Checking if data can be loaded
2015-01-19 00:16:54.949 inkapp[6344:3158474] Checking if data can be loaded
2015-01-19 00:16:54.966 inkapp[6344:3158474] LOADIN TATS BITCH
2015-01-19 00:16:54.966 inkapp[6344:3158474] LOAD TATS CALLED with distance 4120461.127546144
2015-01-19 00:16:54.966 inkapp[6344:3158474] ABOUT TO QUERY LOCATION
2015-01-19 00:16:54.974 inkapp[6344:3158474] UR LOCATION GOT WELL QUERIED BRUV
2015-01-19 00:16:54.974 inkapp[6344:3158474] Making a function call to getArtworksByDistance
2015-01-19 00:16:54.992 inkapp[6344:3158474] Callback being logged for getArtworksByDistance
2015-01-19 00:16:54.993 inkapp[6344:3158474] Checking if data can be loaded
2015-01-19 00:16:54.993 inkapp[6344:3158474] Checking if data can be loaded
2015-01-19 00:16:55.000 inkapp[6344:3158474] LOADIN TATS BITCH
2015-01-19 00:16:55.000 inkapp[6344:3158474] LOAD TATS CALLED with distance 4120461.127546144
2015-01-19 00:16:55.000 inkapp[6344:3158474] ABOUT TO QUERY LOCATION
2015-01-19 00:16:55.001 inkapp[6344:3158474] UR LOCATION GOT WELL QUERIED BRUV
2015-01-19 00:16:55.001 inkapp[6344:3158474] Making a function call to getArtworksByDistance
2015-01-19 00:16:55.006 inkapp[6344:3158474] Callback being logged for getArtworksByDistance
2015-01-19 00:16:55.006 inkapp[6344:3158474] Checking if data can be loaded
2015-01-19 00:16:57.569 inkapp[6344:3158474] Checking if data can be loaded
2015-01-19 00:16:57.569 inkapp[6344:3158474] Entering the account controller
2015-01-19 00:16:57.570 inkapp[6344:3158474] Checking if data can be loaded
2015-01-19 00:16:57.570 inkapp[6344:3158474] Checking if data can be loaded
2015-01-19 00:16:57.598 inkapp[6344:3158474] Checking if data can be loaded
2015-01-19 00:16:57.598 inkapp[6344:3158474] Checking if data can be loaded
2015-01-19 00:16:57.598 inkapp[6344:3158474] Checking if data can be loaded
2015-01-19 00:16:57.598 inkapp[6344:3158474] Checking if data can be loaded
2015-01-19 00:16:57.598 inkapp[6344:3158474] Checking if data can be loaded
2015-01-19 00:16:57.598 inkapp[6344:3158474] Checking if data can be loaded
2015-01-19 00:16:58.536 inkapp[6344:3158474] FBSDKLog: Cannot use the Facebook app or Safari to authorize, fb331871496967792 is not registered as a URL Scheme
2015-01-19 00:16:58.694 inkapp[6344:3158474] THREAD WARNING: ['FacebookConnectPlugin'] took '164.576904' ms. Plugin should use a background thread.
2015-01-19 00:16:58.695 inkapp[6344:3158474] Checking if data can be loaded
2015-01-19 00:16:58.709 inkapp[6344:3158474] Checking if data can be loaded
2015-01-19 00:16:58.781 inkapp[6344:3158474] Checking if data can be loaded
2015-01-19 00:16:58.928 inkapp[6344:3158474] Checking if data can be loaded
2015-01-19 00:17:29.400 inkapp[6344:3158474] Making a function call to authenticate
2015-01-19 00:17:29.642 inkapp[6344:3158474] Callback being logged for authenticate
2015-01-19 00:17:29.643 inkapp[6344:3158474] Making a function call to getArtworksByArtist
2015-01-19 00:17:29.643 inkapp[6344:3158474] Checking if data can be loaded
2015-01-19 00:17:29.643 inkapp[6344:3158474] Checking if data can be loaded
2015-01-19 00:17:29.650 inkapp[6344:3158474] Callback being logged for getArtworksByArtist
2015-01-19 00:17:29.650 inkapp[6344:3158474] Checking if data can be loaded
2015-01-19 00:17:31.129 inkapp[6344:3158474] Checking if data can be loaded
2015-01-19 00:17:31.129 inkapp[6344:3158474] Checking if data can be loaded
2015-01-19 00:17:31.140 inkapp[6344:3158474] Checking if data can be loaded
2015-01-19 00:17:31.140 inkapp[6344:3158474] Checking if data can be loaded
2015-01-19 00:17:31.140 inkapp[6344:3158474] Checking if data can be loaded
2015-01-19 00:17:54.896 inkapp[6344:3158474] LIKE called on: Supakitch
2015-01-19 00:17:54.897 inkapp[6344:3158474] Checking if data can be loaded
2015-01-19 00:17:54.906 inkapp[6344:3158474] We're logged in - going to invocate the like function
2015-01-19 00:17:54.906 inkapp[6344:3158474] Checking if data can be loaded
2015-01-19 00:17:54.910 inkapp[6344:3158474] New likes array is: 54818515966aa101143bc0a8
2015-01-19 00:17:54.910 inkapp[6344:3158474] Checking if data can be loaded
2015-01-19 00:17:56.551 inkapp[6344:3158474] LIKE called on: Supakitch
2015-01-19 00:17:56.552 inkapp[6344:3158474] Checking if data can be loaded
2015-01-19 00:17:56.556 inkapp[6344:3158474] We're logged in - going to invocate the like function
2015-01-19 00:17:56.556 inkapp[6344:3158474] Checking if data can be loaded
2015-01-19 00:17:56.558 inkapp[6344:3158474] New likes array is: 54818515966aa101143bc0a8
2015-01-19 00:17:56.559 inkapp[6344:3158474] Checking if data can be loaded
2015-01-19 00:44:51.931 inkapp[8595:3289360] Apache Cordova native platform version 3.6.3 is starting.
2015-01-19 00:44:51.932 inkapp[8595:3289360] Multi-tasking -> Device: YES, App: YES
2015-01-19 00:44:51.946 inkapp[8595:3289360] Unlimited access to network resources
2015-01-19 00:44:52.296 inkapp[8595:3289360] [CDVTimer][keyboard] 0.050008ms
2015-01-19 00:44:52.296 inkapp[8595:3289360] Init FacebookConnect Session
2015-01-19 00:44:52.299 inkapp[8595:3289360] [CDVTimer][facebookconnectplugin] 3.415048ms
2015-01-19 00:44:52.299 inkapp[8595:3289360] [CDVTimer][TotalPluginStartup] 3.717005ms
2015-01-19 00:44:52.399 inkapp[8595:3289360] Resetting plugins due to page load.
2015-01-19 00:44:52.667 inkapp[8595:3289360] Finished load of: file:///Users/neocloudeh/Library/Developer/CoreSimulator/Devices/E763D788-A12F-42FF-86B7-2F3C63F647F4/data/Containers/Bundle/Application/46BADB95-E9AB-40B5-8EB9-12443414A770/inkapp.app/www/index.html#/tab/dash
2015-01-19 00:44:52.991 inkapp[8595:3289360] STARTING THE APP
2015-01-19 00:44:52.991 inkapp[8595:3289360] Didn't bother with the facebook plugin CAUSE WE'RE CORDOVA
2015-01-19 00:44:52.992 inkapp[8595:3289360] Did that window shit
2015-01-19 00:44:52.992 inkapp[8595:3289360] Set up the status bar bitch
2015-01-19 00:44:55.820 inkapp[8595:3289360] UR LOCATION GOT WELL QUERIED BRUV
2015-01-19 00:44:55.820 inkapp[8595:3289360] Making a function call to getArtworksByDistance
2015-01-19 00:44:55.829 inkapp[8595:3289360] Callback being logged for getArtworksByDistance
2015-01-19 00:44:55.829 inkapp[8595:3289360] Checking if data can be loaded
2015-01-19 00:44:55.846 inkapp[8595:3289360] LOADIN TATS BITCH
2015-01-19 00:44:55.846 inkapp[8595:3289360] LOAD TATS CALLED with distance 4120431.458901632
2015-01-19 00:44:55.846 inkapp[8595:3289360] ABOUT TO QUERY LOCATION
2015-01-19 00:44:55.852 inkapp[8595:3289360] UR LOCATION GOT WELL QUERIED BRUV
2015-01-19 00:44:55.852 inkapp[8595:3289360] Making a function call to getArtworksByDistance
2015-01-19 00:44:55.858 inkapp[8595:3289360] Callback being logged for getArtworksByDistance
2015-01-19 00:44:55.858 inkapp[8595:3289360] Checking if data can be loaded
2015-01-19 00:44:55.858 inkapp[8595:3289360] Checking if data can be loaded
2015-01-19 00:44:55.861 inkapp[8595:3289360] LOADIN TATS BITCH
2015-01-19 00:44:55.861 inkapp[8595:3289360] LOAD TATS CALLED with distance 4120431.458901632
2015-01-19 00:44:55.861 inkapp[8595:3289360] ABOUT TO QUERY LOCATION
2015-01-19 00:44:55.861 inkapp[8595:3289360] UR LOCATION GOT WELL QUERIED BRUV
2015-01-19 00:44:55.862 inkapp[8595:3289360] Making a function call to getArtworksByDistance
2015-01-19 00:44:55.864 inkapp[8595:3289360] Callback being logged for getArtworksByDistance
2015-01-19 00:44:55.864 inkapp[8595:3289360] Checking if data can be loaded
2015-01-19 00:44:58.121 inkapp[8595:3289360] Checking if data can be loaded
2015-01-19 00:44:58.121 inkapp[8595:3289360] Entering the account controller
2015-01-19 00:44:58.122 inkapp[8595:3289360] Checking if data can be loaded
2015-01-19 00:44:58.122 inkapp[8595:3289360] Checking if data can be loaded
2015-01-19 00:44:58.135 inkapp[8595:3289360] Checking if data can be loaded
2015-01-19 00:44:58.135 inkapp[8595:3289360] Checking if data can be loaded
2015-01-19 00:44:58.135 inkapp[8595:3289360] Checking if data can be loaded
2015-01-19 00:44:58.136 inkapp[8595:3289360] Checking if data can be loaded
2015-01-19 00:44:58.145 inkapp[8595:3289360] Making a function call to getArtworksByArtist
2015-01-19 00:44:58.145 inkapp[8595:3289360] Checking if data can be loaded
2015-01-19 00:44:58.145 inkapp[8595:3289360] Checking if data can be loaded
2015-01-19 00:44:58.153 inkapp[8595:3289360] Callback being logged for getArtworksByArtist
2015-01-19 00:44:58.153 inkapp[8595:3289360] Checking if data can be loaded
